[INFO] Scanning for projects...
[INFO] 
[INFO] ----------------------< com.test:HelloWorldMaven >----------------------
[INFO] Building HelloWorldMaven 1.1.1-RELEASE
[INFO]   from pom.xml
[INFO] --------------------------------[ jar ]---------------------------------
[INFO] 
[INFO] --- maven-clean-plugin:2.5:clean (default-clean) @ HelloWorldMaven ---
[INFO] Deleting C:\Users\alvin\HelloWorldMaven\target
[INFO] 
[INFO] --- jacoco-maven-plugin:0.8.10:prepare-agent (default) @ HelloWorldMaven ---
[INFO] argLine set to -javaagent:C:\\Users\\alvin\\.m2\\repository\\org\\jacoco\\org.jacoco.agent\\0.8.10\\org.jacoco.agent-0.8.10-runtime.jar=destfile=C:\\Users\\alvin\\HelloWorldMaven\\target\\jacoco.exec
[INFO] 
[INFO] --- maven-resources-plugin:2.6:resources (default-resources) @ HelloWorldMaven ---
[INFO] Using 'UTF-8' encoding to copy filtered resources.
[INFO] skip non existing resourceDirectory C:\Users\alvin\HelloWorldMaven\src\main\resources
[INFO] 
[INFO] --- maven-compiler-plugin:3.14.0:compile (default-compile) @ HelloWorldMaven ---
[INFO] Recompiling the module because of changed source code.
[INFO] Compiling 1 source file with javac [debug target 18] to target\classes
[INFO] 
[INFO] --- maven-resources-plugin:2.6:testResources (default-testResources) @ HelloWorldMaven ---
[INFO] Using 'UTF-8' encoding to copy filtered resources.
[INFO] skip non existing resourceDirectory C:\Users\alvin\HelloWorldMaven\src\test\resources
[INFO] 
[INFO] --- maven-compiler-plugin:3.14.0:testCompile (default-testCompile) @ HelloWorldMaven ---
[INFO] Recompiling the module because of changed dependency.
[INFO] Compiling 1 source file with javac [debug target 18] to target\test-classes
[INFO] 
[INFO] --- maven-surefire-plugin:3.2.5:test (default-test) @ HelloWorldMaven ---
[INFO] Using auto detected provider org.apache.maven.surefire.junit4.JUnit4Provider
[INFO] 
[INFO] -------------------------------------------------------
[INFO]  T E S T S
[INFO] -------------------------------------------------------
[INFO] Running com.test.HelloWorldMaven.AppTest
[INFO] Tests run: 1, Failures: 0, Errors: 0, Skipped: 0, Time elapsed: 0.056 s -- in com.test.HelloWorldMaven.AppTest
[INFO] 
[INFO] Results:
[INFO] 
[INFO] Tests run: 1, Failures: 0, Errors: 0, Skipped: 0
[INFO] 
[INFO] 
[INFO] >>> maven-surefire-report-plugin:3.2.5:report (default) > [surefire]test @ HelloWorldMaven >>>
[INFO] 
[INFO] --- jacoco-maven-plugin:0.8.10:prepare-agent (default) @ HelloWorldMaven ---
[INFO] argLine set to -javaagent:C:\\Users\\alvin\\.m2\\repository\\org\\jacoco\\org.jacoco.agent\\0.8.10\\org.jacoco.agent-0.8.10-runtime.jar=destfile=C:\\Users\\alvin\\HelloWorldMaven\\target\\jacoco.exec
[INFO] 
[INFO] --- maven-resources-plugin:2.6:resources (default-resources) @ HelloWorldMaven ---
[INFO] Using 'UTF-8' encoding to copy filtered resources.
[INFO] skip non existing resourceDirectory C:\Users\alvin\HelloWorldMaven\src\main\resources
[INFO] 
[INFO] --- maven-compiler-plugin:3.14.0:compile (default-compile) @ HelloWorldMaven ---
[INFO] Nothing to compile - all classes are up to date.
[INFO] 
[INFO] --- maven-resources-plugin:2.6:testResources (default-testResources) @ HelloWorldMaven ---
[INFO] Using 'UTF-8' encoding to copy filtered resources.
[INFO] skip non existing resourceDirectory C:\Users\alvin\HelloWorldMaven\src\test\resources
[INFO] 
[INFO] --- maven-compiler-plugin:3.14.0:testCompile (default-testCompile) @ HelloWorldMaven ---
[INFO] Recompiling the module because of changed dependency.
[INFO] Compiling 1 source file with javac [debug target 18] to target\test-classes
[INFO] 
[INFO] --- maven-surefire-plugin:3.2.5:test (default-test) @ HelloWorldMaven ---
[INFO] Skipping execution of surefire because it has already been run for this configuration
[INFO] 
[INFO] --- jacoco-maven-plugin:0.8.10:report (report) @ HelloWorldMaven ---
[INFO] Loading execution data file C:\Users\alvin\HelloWorldMaven\target\jacoco.exec
[INFO] Analyzed bundle 'HelloWorldMaven' with 1 classes
[INFO] 
[INFO] <<< maven-surefire-report-plugin:3.2.5:report (default) < [surefire]test @ HelloWorldMaven <<<
[INFO] 
[INFO] 
[INFO] --- maven-surefire-report-plugin:3.2.5:report (default) @ HelloWorldMaven ---
[INFO] Rendering content with org.apache.maven.skins:maven-default-skin:jar:1.3 skin.
[WARNING] Unable to locate Test Source XRef to link to - DISABLED
[INFO] 
[INFO] --- jacoco-maven-plugin:0.8.10:report (report) @ HelloWorldMaven ---
[INFO] Loading execution data file C:\Users\alvin\HelloWorldMaven\target\jacoco.exec
[INFO] Analyzed bundle 'HelloWorldMaven' with 1 classes
[INFO] 
[INFO] --- maven-jar-plugin:2.4:jar (default-jar) @ HelloWorldMaven ---
[INFO] Building jar: C:\Users\alvin\HelloWorldMaven\target\HelloWorldMaven-1.1.1-RELEASE.jar
[INFO] 
[INFO] --- maven-assembly-plugin:3.3.0:single (make-assembly) @ HelloWorldMaven ---
[INFO] Building jar: C:\Users\alvin\HelloWorldMaven\target\HelloWorldMaven-1.1.1-RELEASE-jar-with-dependencies.jar
[INFO] ------------------------------------------------------------------------
[INFO] BUILD SUCCESS
[INFO] ------------------------------------------------------------------------
[INFO] Total time:  4.714 s
[INFO] Finished at: 2025-08-26T01:20:31+08:00
[INFO] ------------------------------------------------------------------------
